03:25:12 - CryptoBot - INFO - ✅ Подключено к ТЕСТОВОЙ сети Binance
03:25:12 - CryptoBot - INFO - 💰 Баланс: 1000.00 USDT
03:25:12 - CryptoBot - INFO - ============================================================
03:25:12 - CryptoBot - INFO - 🤖 КРИПТО ТОРГОВЫЙ БОТ ЗАПУЩЕН
03:25:12 - CryptoBot - INFO - Режим: demo
03:25:12 - CryptoBot - INFO - Пара: BTCUSDT
03:25:12 - CryptoBot - INFO - Таймфрейм: 15m
03:25:12 - CryptoBot - INFO - ============================================================
03:25:12 - CryptoBot - INFO - 🚀 Бот запущен. Нажмите Ctrl+C для остановки.
03:25:12 - CryptoBot - INFO - --------------------------------------------------
03:25:12 - CryptoBot - INFO - 🔁 Цикл анализа | 03:25:12
03:25:13 - CryptoBot - INFO - 📢 СИГНАЛ: SELL | Уверенность: 0.55 | Цена: 90100.55
03:25:13 - CryptoBot - INFO - 🎯 Обнаружен сигнал: SELL
03:25:13 - CryptoBot - INFO -    Уверенность: 0.55
03:25:13 - CryptoBot - INFO -    Причины: Нисходящий тренд, EMA9 < EMA21
03:25:13 - CryptoBot - WARNING - ❌ Не удалось выполнить сделку
03:25:13 - CryptoBot - INFO - 💰 Баланс: 1000.00 USDT
03:25:13 - CryptoBot - INFO - 💼 Баланс: 1000.00 USDT
03:25:13 - CryptoBot - INFO - 📈 Открыта позиция: Нет
03:26:13 - CryptoBot - INFO - --------------------------------------------------
03:26:13 - CryptoBot - INFO - 🔁 Цикл анализа | 03:26:13
03:26:13 - CryptoBot - INFO - 📢 СИГНАЛ: SELL | Уверенность: 0.55 | Цена: 90090.71
03:26:13 - CryptoBot - INFO - 🎯 Обнаружен сигнал: SELL
03:26:13 - CryptoBot - INFO -    Уверенность: 0.55
03:26:13 - CryptoBot - INFO -    Причины: Нисходящий тренд, EMA9 < EMA21
03:26:13 - CryptoBot - WARNING - ❌ Не удалось выполнить сделку
03:26:13 - CryptoBot - INFO - 💰 Баланс: 1000.00 USDT
03:26:13 - CryptoBot - INFO - 💼 Баланс: 1000.00 USDT
03:26:13 - CryptoBot - INFO - 📈 Открыта позиция: Нет
03:27:13 - CryptoBot - INFO - --------------------------------------------------
03:27:13 - CryptoBot - INFO - 🔁 Цикл анализа | 03:27:13
03:27:23 - CryptoBot - ERROR - Ошибка получения данных: HTTPSConnectionPool(host='testnet.binance.vision', port=443): Read timed out. (read timeout=10)
03:27:23 - CryptoBot - WARNING - Недостаточно данных для анализа
03:27:23 - CryptoBot - WARNING - ⚠️  Не удалось проанализировать рынок
03:27:23 - CryptoBot - INFO - 💰 Баланс: 1000.00 USDT
03:27:23 - CryptoBot - INFO - 💼 Баланс: 1000.00 USDT
03:27:23 - CryptoBot - INFO - 📈 Открыта позиция: Нет
03:28:23 - CryptoBot - INFO - --------------------------------------------------
03:28:23 - CryptoBot - INFO - 🔁 Цикл анализа | 03:28:23
03:28:24 - CryptoBot - INFO - 📢 СИГНАЛ: SELL | Уверенность: 0.55 | Цена: 90070.04
03:28:24 - CryptoBot - INFO - 🎯 Обнаружен сигнал: SELL
03:28:24 - CryptoBot - INFO -    Уверенность: 0.55
03:28:24 - CryptoBot - INFO -    Причины: Нисходящий тренд, EMA9 < EMA21
03:28:24 - CryptoBot - WARNING - ❌ Не удалось выполнить сделку
03:28:24 - CryptoBot - INFO - 💰 Баланс: 1000.00 USDT
03:28:24 - CryptoBot - INFO - 💼 Баланс: 1000.00 USDT
03:28:24 - CryptoBot - INFO - 📈 Открыта позиция: Нет
03:29:24 - CryptoBot - INFO - --------------------------------------------------
03:29:24 - CryptoBot - INFO - 🔁 Цикл анализа | 03:29:24
03:29:24 - CryptoBot - INFO - 📢 СИГНАЛ: SELL | Уверенность: 0.55 | Цена: 90065.19
03:29:24 - CryptoBot - INFO - 🎯 Обнаружен сигнал: SELL
03:29:24 - CryptoBot - INFO -    Уверенность: 0.55
03:29:24 - CryptoBot - INFO -    Причины: Нисходящий тренд, EMA9 < EMA21
03:29:24 - CryptoBot - WARNING - ❌ Не удалось выполнить сделку
03:29:24 - CryptoBot - INFO - 💰 Баланс: 1000.00 USDT
03:29:24 - CryptoBot - INFO - 💼 Баланс: 1000.00 USDT
03:29:24 - CryptoBot - INFO - 📈 Открыта позиция: Нет
03:30:24 - CryptoBot - INFO - --------------------------------------------------
03:30:24 - CryptoBot - INFO - 🔁 Цикл анализа | 03:30:24
03:30:24 - CryptoBot - INFO - 📢 СИГНАЛ: SELL | Уверенность: 0.55 | Цена: 90032.52
03:30:24 - CryptoBot - INFO - 🎯 Обнаружен сигнал: SELL
03:30:24 - CryptoBot - INFO -    Уверенность: 0.55
03:30:24 - CryptoBot - INFO -    Причины: Нисходящий тренд, EMA9 < EMA21
03:30:24 - CryptoBot - WARNING - ❌ Не удалось выполнить сделку
03:30:24 - CryptoBot - INFO - 💰 Баланс: 1000.00 USDT
03:30:24 - CryptoBot - INFO - 💼 Баланс: 1000.00 USDT
03:30:24 - CryptoBot - INFO - 📈 Открыта позиция: Нет
03:31:24 - CryptoBot - INFO - --------------------------------------------------
03:31:24 - CryptoBot - INFO - 🔁 Цикл анализа | 03:31:24
03:31:34 - CryptoBot - ERROR - Ошибка получения данных: HTTPSConnectionPool(host='testnet.binance.vision', port=443): Read timed out. (read timeout=10)
03:31:34 - CryptoBot - WARNING - Недостаточно данных для анализа
03:31:34 - CryptoBot - WARNING - ⚠️  Не удалось проанализировать рынок
03:31:34 - CryptoBot - INFO - 💰 Баланс: 1000.00 USDT
03:31:34 - CryptoBot - INFO - 💼 Баланс: 1000.00 USDT
03:31:34 - CryptoBot - INFO - 📈 Открыта позиция: Нет
03:32:34 - CryptoBot - INFO - --------------------------------------------------
03:32:34 - CryptoBot - INFO - 🔁 Цикл анализа | 03:32:34
03:32:35 - CryptoBot - INFO - 📢 СИГНАЛ: SELL | Уверенность: 0.55 | Цена: 89955.00
03:32:35 - CryptoBot - INFO - 🎯 Обнаружен сигнал: SELL
03:32:35 - CryptoBot - INFO -    Уверенность: 0.55
03:32:35 - CryptoBot - INFO -    Причины: Нисходящий тренд, EMA9 < EMA21
03:32:35 - CryptoBot - WARNING - ❌ Не удалось выполнить сделку
03:32:35 - CryptoBot - INFO - 💰 Баланс: 1000.00 USDT
03:32:35 - CryptoBot - INFO - 💼 Баланс: 1000.00 USDT
03:32:35 - CryptoBot - INFO - 📈 Открыта позиция: Нет
03:33:35 - CryptoBot - INFO - --------------------------------------------------
03:33:35 - CryptoBot - INFO - 🔁 Цикл анализа | 03:33:35
03:33:35 - CryptoBot - INFO - 📢 СИГНАЛ: SELL | Уверенность: 0.55 | Цена: 90016.42
03:33:35 - CryptoBot - INFO - 🎯 Обнаружен сигнал: SELL
03:33:35 - CryptoBot - INFO -    Уверенность: 0.55
03:33:35 - CryptoBot - INFO -    Причины: Нисходящий тренд, EMA9 < EMA21
03:33:35 - CryptoBot - WARNING - ❌ Не удалось выполнить сделку
03:33:35 - CryptoBot - INFO - 💰 Баланс: 1000.00 USDT
03:33:35 - CryptoBot - INFO - 💼 Баланс: 1000.00 USDT
03:33:35 - CryptoBot - INFO - 📈 Открыта позиция: Нет
03:34:35 - CryptoBot - INFO - --------------------------------------------------
03:34:35 - CryptoBot - INFO - 🔁 Цикл анализа | 03:34:35
03:34:36 - CryptoBot - INFO - 📢 СИГНАЛ: SELL | Уверенность: 0.55 | Цена: 89963.89
03:34:36 - CryptoBot - INFO - 🎯 Обнаружен сигнал: SELL
03:34:36 - CryptoBot - INFO -    Уверенность: 0.55
03:34:36 - CryptoBot - INFO -    Причины: Нисходящий тренд, EMA9 < EMA21
03:34:36 - CryptoBot - WARNING - ❌ Не удалось выполнить сделку
03:34:36 - CryptoBot - INFO - 💰 Баланс: 1000.00 USDT
03:34:36 - CryptoBot - INFO - 💼 Баланс: 1000.00 USDT
03:34:36 - CryptoBot - INFO - 📈 Открыта позиция: Нет
03:35:36 - CryptoBot - INFO - --------------------------------------------------
03:35:36 - CryptoBot - INFO - 🔁 Цикл анализа | 03:35:36
03:35:46 - CryptoBot - ERROR - Ошибка получения данных: HTTPSConnectionPool(host='testnet.binance.vision', port=443): Read timed out. (read timeout=10)
03:35:46 - CryptoBot - WARNING - Недостаточно данных для анализа
03:35:46 - CryptoBot - WARNING - ⚠️  Не удалось проанализировать рынок
03:35:46 - CryptoBot - INFO - 💰 Баланс: 1000.00 USDT
03:35:46 - CryptoBot - INFO - 💼 Баланс: 1000.00 USDT
03:35:46 - CryptoBot - INFO - 📈 Открыта позиция: Нет
03:36:46 - CryptoBot - INFO - --------------------------------------------------
03:36:46 - CryptoBot - INFO - 🔁 Цикл анализа | 03:36:46
03:36:46 - CryptoBot - INFO - 📢 СИГНАЛ: SELL | Уверенность: 0.55 | Цена: 89924.46
03:36:46 - CryptoBot - INFO - 🎯 Обнаружен сигнал: SELL
03:36:46 - CryptoBot - INFO -    Уверенность: 0.55
03:36:46 - CryptoBot - INFO -    Причины: Нисходящий тренд, EMA9 < EMA21
03:36:46 - CryptoBot - WARNING - ❌ Не удалось выполнить сделку
03:36:46 - CryptoBot - INFO - 💰 Баланс: 1000.00 USDT
03:36:46 - CryptoBot - INFO - 💼 Баланс: 1000.00 USDT
03:36:46 - CryptoBot - INFO - 📈 Открыта позиция: Нет
03:37:46 - CryptoBot - INFO - --------------------------------------------------
03:37:46 - CryptoBot - INFO - 🔁 Цикл анализа | 03:37:46
03:37:47 - CryptoBot - INFO - 📢 СИГНАЛ: SELL | Уверенность: 0.55 | Цена: 89909.57
03:37:47 - CryptoBot - INFO - 🎯 Обнаружен сигнал: SELL
03:37:47 - CryptoBot - INFO -    Уверенность: 0.55
03:37:47 - CryptoBot - INFO -    Причины: Нисходящий тренд, EMA9 < EMA21
03:37:47 - CryptoBot - WARNING - ❌ Не удалось выполнить сделку
03:37:47 - CryptoBot - INFO - 💰 Баланс: 1000.00 USDT
03:37:47 - CryptoBot - INFO - 💼 Баланс: 1000.00 USDT
03:37:47 - CryptoBot - INFO - 📈 Открыта позиция: Нет
03:38:47 - CryptoBot - INFO - --------------------------------------------------
03:38:47 - CryptoBot - INFO - 🔁 Цикл анализа | 03:38:47
03:38:47 - CryptoBot - INFO - 📢 СИГНАЛ: SELL | Уверенность: 0.55 | Цена: 89900.01
03:38:47 - CryptoBot - INFO - 🎯 Обнаружен сигнал: SELL
03:38:47 - CryptoBot - INFO -    Уверенность: 0.55
03:38:47 - CryptoBot - INFO -    Причины: Нисходящий тренд, EMA9 < EMA21
03:38:47 - CryptoBot - WARNING - ❌ Не удалось выполнить сделку
03:38:47 - CryptoBot - INFO - 💰 Баланс: 1000.00 USDT
03:38:47 - CryptoBot - INFO - 💼 Баланс: 1000.00 USDT
03:38:47 - CryptoBot - INFO - 📈 Открыта позиция: Нет
03:39:47 - CryptoBot - INFO - --------------------------------------------------
03:39:47 - CryptoBot - INFO - 🔁 Цикл анализа | 03:39:47
03:39:57 - CryptoBot - ERROR - Ошибка получения данных: HTTPSConnectionPool(host='testnet.binance.vision', port=443): Read timed out. (read timeout=10)
03:39:57 - CryptoBot - WARNING - Недостаточно данных для анализа
03:39:57 - CryptoBot - WARNING - ⚠️  Не удалось проанализировать рынок
03:39:57 - CryptoBot - INFO - 💰 Баланс: 1000.00 USDT
03:39:57 - CryptoBot - INFO - 💼 Баланс: 1000.00 USDT
03:39:57 - CryptoBot - INFO - 📈 Открыта позиция: Нет
03:40:57 - CryptoBot - INFO - --------------------------------------------------
03:40:57 - CryptoBot - INFO - 🔁 Цикл анализа | 03:40:57
03:40:59 - CryptoBot - INFO - 📢 СИГНАЛ: SELL | Уверенность: 0.55 | Цена: 89965.96
03:40:59 - CryptoBot - INFO - 🎯 Обнаружен сигнал: SELL
03:40:59 - CryptoBot - INFO -    Уверенность: 0.55
03:40:59 - CryptoBot - INFO -    Причины: Нисходящий тренд, EMA9 < EMA21
03:40:59 - CryptoBot - WARNING - ❌ Не удалось выполнить сделку
03:40:59 - CryptoBot - INFO - 💰 Баланс: 1000.00 USDT
03:40:59 - CryptoBot - INFO - 💼 Баланс: 1000.00 USDT
03:40:59 - CryptoBot - INFO - 📈 Открыта позиция: Нет
03:41:59 - CryptoBot - INFO - --------------------------------------------------
03:41:59 - CryptoBot - INFO - 🔁 Цикл анализа | 03:41:59
03:41:59 - CryptoBot - INFO - 📢 СИГНАЛ: SELL | Уверенность: 0.55 | Цена: 89990.95
03:41:59 - CryptoBot - INFO - 🎯 Обнаружен сигнал: SELL
03:41:59 - CryptoBot - INFO -    Уверенность: 0.55
03:41:59 - CryptoBot - INFO -    Причины: Нисходящий тренд, EMA9 < EMA21
03:41:59 - CryptoBot - WARNING - ❌ Не удалось выполнить сделку
03:41:59 - CryptoBot - INFO - 💰 Баланс: 1000.00 USDT
03:41:59 - CryptoBot - INFO - 💼 Баланс: 1000.00 USDT
03:41:59 - CryptoBot - INFO - 📈 Открыта позиция: Нет
03:42:59 - CryptoBot - INFO - --------------------------------------------------
03:42:59 - CryptoBot - INFO - 🔁 Цикл анализа | 03:42:59
03:42:59 - CryptoBot - INFO - 📢 СИГНАЛ: SELL | Уверенность: 0.55 | Цена: 90087.05
03:42:59 - CryptoBot - INFO - 🎯 Обнаружен сигнал: SELL
03:42:59 - CryptoBot - INFO -    Уверенность: 0.55
03:42:59 - CryptoBot - INFO -    Причины: Нисходящий тренд, EMA9 < EMA21
03:42:59 - CryptoBot - WARNING - ❌ Не удалось выполнить сделку
03:42:59 - CryptoBot - INFO - 💰 Баланс: 1000.00 USDT
03:42:59 - CryptoBot - INFO - 💼 Баланс: 1000.00 USDT
03:42:59 - CryptoBot - INFO - 📈 Открыта позиция: Нет
03:43:59 - CryptoBot - INFO - --------------------------------------------------
03:43:59 - CryptoBot - INFO - 🔁 Цикл анализа | 03:43:59
03:44:09 - CryptoBot - ERROR - Ошибка получения данных: HTTPSConnectionPool(host='testnet.binance.vision', port=443): Read timed out. (read timeout=10)
03:44:09 - CryptoBot - WARNING - Недостаточно данных для анализа
03:44:09 - CryptoBot - WARNING - ⚠️  Не удалось проанализировать рынок
03:44:09 - CryptoBot - INFO - 💰 Баланс: 1000.00 USDT
03:44:09 - CryptoBot - INFO - 💼 Баланс: 1000.00 USDT
03:44:09 - CryptoBot - INFO - 📈 Открыта позиция: Нет
03:45:09 - CryptoBot - INFO - --------------------------------------------------
03:45:09 - CryptoBot - INFO - 🔁 Цикл анализа | 03:45:09
03:45:10 - CryptoBot - INFO - 📢 СИГНАЛ: SELL | Уверенность: 0.55 | Цена: 90145.25
03:45:10 - CryptoBot - INFO - 🎯 Обнаружен сигнал: SELL
03:45:10 - CryptoBot - INFO -    Уверенность: 0.55
03:45:10 - CryptoBot - INFO -    Причины: Нисходящий тренд, EMA9 < EMA21
03:45:10 - CryptoBot - WARNING - ❌ Не удалось выполнить сделку
03:45:10 - CryptoBot - INFO - 💰 Баланс: 1000.00 USDT
03:45:10 - CryptoBot - INFO - 💼 Баланс: 1000.00 USDT
03:45:10 - CryptoBot - INFO - 📈 Открыта позиция: Нет
03:46:10 - CryptoBot - INFO - --------------------------------------------------
03:46:10 - CryptoBot - INFO - 🔁 Цикл анализа | 03:46:10
03:46:10 - CryptoBot - INFO - 📢 СИГНАЛ: SELL | Уверенность: 0.55 | Цена: 90121.01
03:46:10 - CryptoBot - INFO - 🎯 Обнаружен сигнал: SELL
03:46:10 - CryptoBot - INFO -    Уверенность: 0.55
03:46:10 - CryptoBot - INFO -    Причины: Нисходящий тренд, EMA9 < EMA21
03:46:10 - CryptoBot - WARNING - ❌ Не удалось выполнить сделку
03:46:10 - CryptoBot - INFO - 💰 Баланс: 1000.00 USDT
03:46:10 - CryptoBot - INFO - 💼 Баланс: 1000.00 USDT
03:46:10 - CryptoBot - INFO - 📈 Открыта позиция: Нет
03:47:10 - CryptoBot - INFO - --------------------------------------------------
03:47:10 - CryptoBot - INFO - 🔁 Цикл анализа | 03:47:10
03:47:11 - CryptoBot - INFO - 📢 СИГНАЛ: SELL | Уверенность: 0.55 | Цена: 90126.18
03:47:11 - CryptoBot - INFO - 🎯 Обнаружен сигнал: SELL
03:47:11 - CryptoBot - INFO -    Уверенность: 0.55
03:47:11 - CryptoBot - INFO -    Причины: Нисходящий тренд, EMA9 < EMA21
03:47:11 - CryptoBot - WARNING - ❌ Не удалось выполнить сделку
03:47:11 - CryptoBot - INFO - 💰 Баланс: 1000.00 USDT
03:47:11 - CryptoBot - INFO - 💼 Баланс: 1000.00 USDT
03:47:11 - CryptoBot - INFO - 📈 Открыта позиция: Нет
03:48:11 - CryptoBot - INFO - --------------------------------------------------
03:48:11 - CryptoBot - INFO - 🔁 Цикл анализа | 03:48:11
03:48:21 - CryptoBot - ERROR - Ошибка получения данных: HTTPSConnectionPool(host='testnet.binance.vision', port=443): Read timed out. (read timeout=10)
03:48:21 - CryptoBot - WARNING - Недостаточно данных для анализа
03:48:21 - CryptoBot - WARNING - ⚠️  Не удалось проанализировать рынок
03:48:21 - CryptoBot - INFO - 💰 Баланс: 1000.00 USDT
03:48:21 - CryptoBot - INFO - 💼 Баланс: 1000.00 USDT
03:48:21 - CryptoBot - INFO - 📈 Открыта позиция: Нет
03:49:21 - CryptoBot - INFO - --------------------------------------------------
03:49:21 - CryptoBot - INFO - 🔁 Цикл анализа | 03:49:21
03:49:21 - CryptoBot - INFO - 📢 СИГНАЛ: SELL | Уверенность: 0.55 | Цена: 90226.03
03:49:21 - CryptoBot - INFO - 🎯 Обнаружен сигнал: SELL
03:49:21 - CryptoBot - INFO -    Уверенность: 0.55
03:49:21 - CryptoBot - INFO -    Причины: Нисходящий тренд, EMA9 < EMA21
03:49:21 - CryptoBot - WARNING - ❌ Не удалось выполнить сделку
03:49:21 - CryptoBot - INFO - 💰 Баланс: 1000.00 USDT
03:49:21 - CryptoBot - INFO - 💼 Баланс: 1000.00 USDT
03:49:21 - CryptoBot - INFO - 📈 Открыта позиция: Нет
03:50:21 - CryptoBot - INFO - --------------------------------------------------
03:50:21 - CryptoBot - INFO - 🔁 Цикл анализа | 03:50:21
03:50:22 - CryptoBot - INFO - 📢 СИГНАЛ: SELL | Уверенность: 0.55 | Цена: 90167.23
03:50:22 - CryptoBot - INFO - 🎯 Обнаружен сигнал: SELL
03:50:22 - CryptoBot - INFO -    Уверенность: 0.55
03:50:22 - CryptoBot - INFO -    Причины: Нисходящий тренд, EMA9 < EMA21
03:50:22 - CryptoBot - WARNING - ❌ Не удалось выполнить сделку
03:50:22 - CryptoBot - INFO - 💰 Баланс: 1000.00 USDT
03:50:22 - CryptoBot - INFO - 💼 Баланс: 1000.00 USDT
03:50:22 - CryptoBot - INFO - 📈 Открыта позиция: Нет
03:51:22 - CryptoBot - INFO - --------------------------------------------------
03:51:22 - CryptoBot - INFO - 🔁 Цикл анализа | 03:51:22
03:51:22 - CryptoBot - INFO - 📢 СИГНАЛ: SELL | Уверенность: 0.55 | Цена: 90155.08
03:51:22 - CryptoBot - INFO - 🎯 Обнаружен сигнал: SELL
03:51:22 - CryptoBot - INFO -    Уверенность: 0.55
03:51:22 - CryptoBot - INFO -    Причины: Нисходящий тренд, EMA9 < EMA21
03:51:22 - CryptoBot - WARNING - ❌ Не удалось выполнить сделку
03:51:22 - CryptoBot - INFO - 💰 Баланс: 1000.00 USDT
03:51:22 - CryptoBot - INFO - 💼 Баланс: 1000.00 USDT
03:51:22 - CryptoBot - INFO - 📈 Открыта позиция: Нет
03:52:22 - CryptoBot - INFO - --------------------------------------------------
03:52:22 - CryptoBot - INFO - 🔁 Цикл анализа | 03:52:22
03:52:32 - CryptoBot - ERROR - Ошибка получения данных: HTTPSConnectionPool(host='testnet.binance.vision', port=443): Read timed out. (read timeout=10)
03:52:32 - CryptoBot - WARNING - Недостаточно данных для анализа
03:52:32 - CryptoBot - WARNING - ⚠️  Не удалось проанализировать рынок
03:52:32 - CryptoBot - INFO - 💰 Баланс: 1000.00 USDT
03:52:32 - CryptoBot - INFO - 💼 Баланс: 1000.00 USDT
03:52:32 - CryptoBot - INFO - 📈 Открыта позиция: Нет
03:53:32 - CryptoBot - INFO - --------------------------------------------------
03:53:32 - CryptoBot - INFO - 🔁 Цикл анализа | 03:53:32
03:53:33 - CryptoBot - INFO - 📢 СИГНАЛ: SELL | Уверенность: 0.55 | Цена: 90250.20
03:53:33 - CryptoBot - INFO - 🎯 Обнаружен сигнал: SELL
03:53:33 - CryptoBot - INFO -    Уверенность: 0.55
03:53:33 - CryptoBot - INFO -    Причины: Нисходящий тренд, EMA9 < EMA21
03:53:33 - CryptoBot - WARNING - ❌ Не удалось выполнить сделку
03:53:33 - CryptoBot - INFO - 💰 Баланс: 1000.00 USDT
03:53:33 - CryptoBot - INFO - 💼 Баланс: 1000.00 USDT
03:53:33 - CryptoBot - INFO - 📈 Открыта позиция: Нет
03:54:33 - CryptoBot - INFO - --------------------------------------------------
03:54:33 - CryptoBot - INFO - 🔁 Цикл анализа | 03:54:33
03:54:33 - CryptoBot - INFO - 📢 СИГНАЛ: SELL | Уверенность: 0.55 | Цена: 90286.32
03:54:33 - CryptoBot - INFO - 🎯 Обнаружен сигнал: SELL
03:54:33 - CryptoBot - INFO -    Уверенность: 0.55
03:54:33 - CryptoBot - INFO -    Причины: Нисходящий тренд, EMA9 < EMA21
03:54:33 - CryptoBot - WARNING - ❌ Не удалось выполнить сделку
03:54:33 - CryptoBot - INFO - 💰 Баланс: 1000.00 USDT
03:54:33 - CryptoBot - INFO - 💼 Баланс: 1000.00 USDT
03:54:33 - CryptoBot - INFO - 📈 Открыта позиция: Нет
19:28:03 - CryptoBot - INFO - ✅ Подключено к ТЕСТОВОЙ сети Binance
19:28:03 - CryptoBot - INFO - 💰 Баланс: 1000.00 USDT
19:28:03 - CryptoBot - INFO - ============================================================
19:28:03 - CryptoBot - INFO - 🤖 КРИПТО ТОРГОВЫЙ БОТ ЗАПУЩЕН
19:28:03 - CryptoBot - INFO - Режим: demo
19:28:03 - CryptoBot - INFO - Пара: BTCUSDT
19:28:03 - CryptoBot - INFO - Таймфрейм: 15m
19:28:03 - CryptoBot - INFO - ============================================================
19:28:03 - CryptoBot - INFO - 🚀 Бот запущен. Нажмите Ctrl+C для остановки.
19:28:03 - CryptoBot - INFO - --------------------------------------------------
19:28:03 - CryptoBot - INFO - 🔁 Цикл анализа | 19:28:03
19:28:04 - CryptoBot - INFO - 📢 СИГНАЛ: SELL | Уверенность: 0.55 | Цена: 90367.75
19:28:04 - CryptoBot - INFO - 🎯 Обнаружен сигнал: SELL
19:28:04 - CryptoBot - INFO -    Уверенность: 0.55
19:28:04 - CryptoBot - INFO -    Причины: Нисходящий тренд, EMA9 < EMA21
19:28:04 - CryptoBot - WARNING - ❌ Не удалось выполнить сделку
19:28:04 - CryptoBot - INFO - 💰 Баланс: 1000.00 USDT
19:28:04 - CryptoBot - INFO - 💼 Баланс: 1000.00 USDT
19:28:04 - CryptoBot - INFO - 📈 Открыта позиция: Нет
19:29:04 - CryptoBot - INFO - --------------------------------------------------
19:29:04 - CryptoBot - INFO - 🔁 Цикл анализа | 19:29:04
19:29:04 - CryptoBot - INFO - 📢 СИГНАЛ: SELL | Уверенность: 0.55 | Цена: 90367.75
19:29:04 - CryptoBot - INFO - 🎯 Обнаружен сигнал: SELL
19:29:04 - CryptoBot - INFO -    Уверенность: 0.55
19:29:04 - CryptoBot - INFO -    Причины: Нисходящий тренд, EMA9 < EMA21
19:29:04 - CryptoBot - WARNING - ❌ Не удалось выполнить сделку
19:29:04 - CryptoBot - INFO - 💰 Баланс: 1000.00 USDT
19:29:04 - CryptoBot - INFO - 💼 Баланс: 1000.00 USDT
19:29:04 - CryptoBot - INFO - 📈 Открыта позиция: Нет
19:30:04 - CryptoBot - INFO - --------------------------------------------------
19:30:04 - CryptoBot - INFO - 🔁 Цикл анализа | 19:30:04
19:30:14 - CryptoBot - ERROR - Ошибка получения данных: HTTPSConnectionPool(host='testnet.binance.vision', port=443): Read timed out. (read timeout=10)
19:30:14 - CryptoBot - WARNING - Недостаточно данных для анализа
19:30:14 - CryptoBot - WARNING - ⚠️  Не удалось проанализировать рынок
19:30:14 - CryptoBot - INFO - 💰 Баланс: 1000.00 USDT
19:30:14 - CryptoBot - INFO - 💼 Баланс: 1000.00 USDT
19:30:14 - CryptoBot - INFO - 📈 Открыта позиция: Нет
19:31:14 - CryptoBot - INFO - --------------------------------------------------
19:31:14 - CryptoBot - INFO - 🔁 Цикл анализа | 19:31:14
19:31:16 - CryptoBot - INFO - 📢 СИГНАЛ: SELL | Уверенность: 0.55 | Цена: 90422.45
19:31:16 - CryptoBot - INFO - 🎯 Обнаружен сигнал: SELL
19:31:16 - CryptoBot - INFO -    Уверенность: 0.55
19:31:16 - CryptoBot - INFO -    Причины: Нисходящий тренд, EMA9 < EMA21
19:31:16 - CryptoBot - WARNING - ❌ Не удалось выполнить сделку
19:31:16 - CryptoBot - INFO - 💰 Баланс: 1000.00 USDT
19:31:16 - CryptoBot - INFO - 💼 Баланс: 1000.00 USDT
19:31:16 - CryptoBot - INFO - 📈 Открыта позиция: Нет
19:32:16 - CryptoBot - INFO - --------------------------------------------------
19:32:16 - CryptoBot - INFO - 🔁 Цикл анализа | 19:32:16
19:32:16 - CryptoBot - INFO - 📢 СИГНАЛ: SELL | Уверенность: 0.55 | Цена: 90392.61
19:32:16 - CryptoBot - INFO - 🎯 Обнаружен сигнал: SELL
19:32:16 - CryptoBot - INFO -    Уверенность: 0.55
19:32:16 - CryptoBot - INFO -    Причины: Нисходящий тренд, EMA9 < EMA21
19:32:16 - CryptoBot - WARNING - ❌ Не удалось выполнить сделку
19:32:16 - CryptoBot - INFO - 💰 Баланс: 1000.00 USDT
19:32:16 - CryptoBot - INFO - 💼 Баланс: 1000.00 USDT
19:32:16 - CryptoBot - INFO - 📈 Открыта позиция: Нет
19:33:16 - CryptoBot - INFO - --------------------------------------------------
19:33:16 - CryptoBot - INFO - 🔁 Цикл анализа | 19:33:16
19:33:17 - CryptoBot - INFO - 📢 СИГНАЛ: SELL | Уверенность: 0.55 | Цена: 90417.80
19:33:17 - CryptoBot - INFO - 🎯 Обнаружен сигнал: SELL
19:33:17 - CryptoBot - INFO -    Уверенность: 0.55
19:33:17 - CryptoBot - INFO -    Причины: Нисходящий тренд, EMA9 < EMA21
19:33:17 - CryptoBot - WARNING - ❌ Не удалось выполнить сделку
19:33:17 - CryptoBot - INFO - 💰 Баланс: 1000.00 USDT
19:33:17 - CryptoBot - INFO - 💼 Баланс: 1000.00 USDT
19:33:17 - CryptoBot - INFO - 📈 Открыта позиция: Нет
19:34:17 - CryptoBot - INFO - --------------------------------------------------
19:34:17 - CryptoBot - INFO - 🔁 Цикл анализа | 19:34:17
19:34:27 - CryptoBot - ERROR - Ошибка получения данных: HTTPSConnectionPool(host='testnet.binance.vision', port=443): Read timed out. (read timeout=10)
19:34:27 - CryptoBot - WARNING - Недостаточно данных для анализа
19:34:27 - CryptoBot - WARNING - ⚠️  Не удалось проанализировать рынок
19:34:27 - CryptoBot - INFO - 💰 Баланс: 1000.00 USDT
19:34:27 - CryptoBot - INFO - 💼 Баланс: 1000.00 USDT
19:34:27 - CryptoBot - INFO - 📈 Открыта позиция: Нет
19:35:27 - CryptoBot - INFO - --------------------------------------------------
19:35:27 - CryptoBot - INFO - 🔁 Цикл анализа | 19:35:27
19:35:28 - CryptoBot - INFO - 📢 СИГНАЛ: SELL | Уверенность: 0.55 | Цена: 90397.10
19:35:28 - CryptoBot - INFO - 🎯 Обнаружен сигнал: SELL
19:35:28 - CryptoBot - INFO -    Уверенность: 0.55
19:35:28 - CryptoBot - INFO -    Причины: Нисходящий тренд, EMA9 < EMA21
19:35:28 - CryptoBot - WARNING - ❌ Не удалось выполнить сделку
19:35:28 - CryptoBot - INFO - 💰 Баланс: 1000.00 USDT
19:35:28 - CryptoBot - INFO - 💼 Баланс: 1000.00 USDT
19:35:28 - CryptoBot - INFO - 📈 Открыта позиция: Нет
19:36:28 - CryptoBot - INFO - --------------------------------------------------
19:36:28 - CryptoBot - INFO - 🔁 Цикл анализа | 19:36:28
19:36:28 - CryptoBot - INFO - 📢 СИГНАЛ: SELL | Уверенность: 0.55 | Цена: 90401.66
19:36:28 - CryptoBot - INFO - 🎯 Обнаружен сигнал: SELL
19:36:28 - CryptoBot - INFO -    Уверенность: 0.55
19:36:28 - CryptoBot - INFO -    Причины: Нисходящий тренд, EMA9 < EMA21
19:36:28 - CryptoBot - WARNING - ❌ Не удалось выполнить сделку
19:36:28 - CryptoBot - INFO - 💰 Баланс: 1000.00 USDT
19:36:28 - CryptoBot - INFO - 💼 Баланс: 1000.00 USDT
19:36:28 - CryptoBot - INFO - 📈 Открыта позиция: Нет
19:37:09 - CryptoBot - INFO - 
⏹️  Остановка бота по команде пользователя
19:37:09 - CryptoBot - INFO - ============================================================
19:37:09 - CryptoBot - INFO - 📊 ИТОГИ РАБОТЫ:
19:37:09 - CryptoBot - INFO -    Конечный баланс: 1000.00 USDT
19:37:09 - CryptoBot - INFO -    Открыта позиция: Нет
19:37:09 - CryptoBot - INFO - ============================================================
19:37:09 - CryptoBot - INFO - 👋 Бот остановлен
